#
# There is insufficient memory for the Java Runtime Environment to continue.
# Native memory allocation (malloc) failed to allocate 1048576 bytes for AllocateHeap
# Possible reasons:
#   The system is out of physical RAM or swap space
#   The process is running with CompressedOops enabled, and the Java Heap may be blocking the growth of the native heap
# Possible solutions:
#   Reduce memory load on the system
#   Increase physical memory or swap space
#   Check if swap backing store is full
#   Decrease Java heap size (-Xmx/-Xms)
#   Decrease number of Java threads
#   Decrease Java thread stack sizes (-Xss)
#   Set larger code cache with -XX:ReservedCodeCacheSize=
#   JVM is running with Zero Based Compressed Oops mode in which the Java heap is
#     placed in the first 32GB address space. The Java Heap base address is the
#     maximum limit for the native heap growth. Please use -XX:HeapBaseMinAddress
#     to set the Java Heap base and to place the Java Heap above 32GB virtual address.
# This output file may be truncated or incomplete.
#
#  Out of Memory Error (memory/allocation.inline.hpp:61), pid=1644, tid=0x0000000000007e64
#
# JRE version:  (8.0_192-b12) (build )
# Java VM: Java HotSpot(TM) 64-Bit Server VM (25.192-b12 mixed mode windows-amd64 compressed oops)
# Failed to write core dump. Minidumps are not enabled by default on client versions of Windows
#

---------------  T H R E A D  ---------------

Current thread (0x00000000028ce000):  JavaThread "Unknown thread" [_thread_in_vm, id=32356, stack(0x00000000029c0000,0x0000000002ac0000)]

Stack: [0x00000000029c0000,0x0000000002ac0000]
[error occurred during error reporting (printing stack bounds), id 0xc0000005]

Native frames: (J=compiled Java code, j=interpreted, Vv=VM code, C=native code)


---------------  P R O C E S S  ---------------

Java Threads: ( => current thread )

Other Threads:

=>0x00000000028ce000 (exited) JavaThread "Unknown thread" [_thread_in_vm, id=32356, stack(0x00000000029c0000,0x0000000002ac0000)]

VM state:not at safepoint (normal execution)

VM Mutex/Monitor currently owned by a thread: None

heap address: 0x00000006c3800000, size: 4040 MB, Compressed Oops mode: Zero based, Oop shift amount: 3
Narrow klass base: 0x0000000000000000, Narrow klass shift: 3
Compressed class space size: 1073741824 Address: 0x00000007c0000000

Heap:
 PSYoungGen      total 75776K, used 1300K [0x000000076bd80000, 0x0000000771200000, 0x00000007c0000000)
  eden space 65024K, 2% used [0x000000076bd80000,0x000000076bec51f8,0x000000076fd00000)
  from space 10752K, 0% used [0x0000000770780000,0x0000000770780000,0x0000000771200000)
  to   space 10752K, 0% used [0x000000076fd00000,0x000000076fd00000,0x0000000770780000)
 ParOldGen       total 173568K, used 0K [0x00000006c3800000, 0x00000006ce180000, 0x000000076bd80000)
  object space 173568K, 0% used [0x00000006c3800000,0x00000006c3800000,0x00000006ce180000)
 Metaspace       used 775K, capacity 4480K, committed 4480K, reserved 1056768K
  class space    used 76K, capacity 384K, committed 384K, reserved 1048576K

Card table byte_map: [0x0000000011f80000,0x0000000012770000] byte_map_base: 0x000000000e964000

Marking Bits: (ParMarkBitMap*) 0x000000005a933ce0
 Begin Bits: [0x00000000134c0000, 0x00000000173e0000)
 End Bits:   [0x00000000173e0000, 0x000000001b300000)

Polling page: 0x0000000002850000

CodeCache: size=245760Kb used=328Kb max_used=328Kb free=245431Kb
 bounds [0x0000000002bc0000, 0x0000000002e30000, 0x0000000011bc0000]
 total_blobs=58 nmethods=0 adapters=38
 compilation: enabled

Compilation events (0 events):
No events

GC Heap History (0 events):
No events

Deoptimization events (0 events):
No events

Classes redefined (0 events):
No events

Internal exceptions (0 events):
No events

Events (10 events):
Event: 0.028 loading class java/lang/Short
Event: 0.028 loading class java/lang/Short done
Event: 0.028 loading class java/lang/Integer
Event: 0.028 loading class java/lang/Integer done
Event: 0.028 loading class java/lang/Long
Event: 0.028 loading class java/lang/Long done
Event: 0.029 loading class java/lang/NullPointerException
Event: 0.029 loading class java/lang/NullPointerException done
Event: 0.029 loading class java/lang/ArithmeticException
Event: 0.029 loading class java/lang/ArithmeticException done


Dynamic libraries:
0x00007ff7a8b60000 - 0x00007ff7a8b97000 	C:\Program Files\Java\jdk1.8.0_192\bin\javaw.exe
0x00007ffc1d9d0000 - 0x00007ffc1dbc5000 	C:\WINDOWS\SYSTEM32\ntdll.dll
0x00007ffc1c2e0000 - 0x00007ffc1c39e000 	C:\WINDOWS\System32\KERNEL32.DLL
0x00007ffc1b0f0000 - 0x00007ffc1b3b9000 	C:\WINDOWS\System32\KERNELBASE.dll
0x00007ffc1cdf0000 - 0x00007ffc1ce9c000 	C:\WINDOWS\System32\ADVAPI32.dll
0x00007ffc1cc10000 - 0x00007ffc1ccae000 	C:\WINDOWS\System32\msvcrt.dll
0x00007ffc1d260000 - 0x00007ffc1d2fb000 	C:\WINDOWS\System32\sechost.dll
0x00007ffc1cea0000 - 0x00007ffc1cfca000 	C:\WINDOWS\System32\RPCRT4.dll
0x00007ffc1c000000 - 0x00007ffc1c1a1000 	C:\WINDOWS\System32\USER32.dll
0x00007ffc1b750000 - 0x00007ffc1b772000 	C:\WINDOWS\System32\win32u.dll
0x00007ffc1baf0000 - 0x00007ffc1bb1b000 	C:\WINDOWS\System32\GDI32.dll
0x00007ffc1b7b0000 - 0x00007ffc1b8bb000 	C:\WINDOWS\System32\gdi32full.dll
0x00007ffc1b6b0000 - 0x00007ffc1b74d000 	C:\WINDOWS\System32\msvcp_win.dll
0x00007ffc1b5b0000 - 0x00007ffc1b6b0000 	C:\WINDOWS\System32\ucrtbase.dll
0x00007ffbfd3c0000 - 0x00007ffbfd65a000 	C:\WINDOWS\WinSxS\amd64_microsoft.windows.common-controls_6595b64144ccf1df_6.0.19041.1110_none_60b5254171f9507e\COMCTL32.dll
0x00007ffc1ba30000 - 0x00007ffc1ba60000 	C:\WINDOWS\System32\IMM32.DLL
0x0000000059f50000 - 0x000000005a021000 	C:\Program Files\Java\jdk1.8.0_192\jre\bin\msvcr100.dll
0x000000005a110000 - 0x000000005a9b3000 	C:\Program Files\Java\jdk1.8.0_192\jre\bin\server\jvm.dll
0x00007ffc1ba20000 - 0x00007ffc1ba28000 	C:\WINDOWS\System32\PSAPI.DLL
0x00007ffc14630000 - 0x00007ffc14657000 	C:\WINDOWS\SYSTEM32\WINMM.dll
0x00007ffbf9730000 - 0x00007ffbf9739000 	C:\WINDOWS\SYSTEM32\WSOCK32.dll
0x00007ffc13ec0000 - 0x00007ffc13eca000 	C:\WINDOWS\SYSTEM32\VERSION.dll
0x00007ffc1d0b0000 - 0x00007ffc1d11b000 	C:\WINDOWS\System32\WS2_32.dll
0x00007ffc14d00000 - 0x00007ffc14d0f000 	C:\Program Files\Java\jdk1.8.0_192\jre\bin\verify.dll
0x00007ffbf5e30000 - 0x00007ffbf5e59000 	C:\Program Files\Java\jdk1.8.0_192\jre\bin\java.dll
0x00007ffc0e470000 - 0x00007ffc0e486000 	C:\Program Files\Java\jdk1.8.0_192\jre\bin\zip.dll

VM Arguments:
jvm_args: -Dfile.encoding=Cp1252 
java_command: VerticalOrderTraversal
java_class_path (initial): C:\Users\sasken tech\eclipse-workspace\LinkedListCustom\bin
Launcher Type: SUN_STANDARD

Environment Variables:
JAVA_HOME=C:\Program Files\Java\jdk1.8.0_192
PATH=C:/Program Files/Java/jdk1.8.0_192/bin/../jre/bin/server;C:/Program Files/Java/jdk1.8.0_192/bin/../jre/bin;C:/Program Files/Java/jdk1.8.0_192/bin/../jre/lib/amd64;C:\WINDOWS\system32;C:\WINDOWS;C:\WINDOWS\System32\Wbem;C:\WINDOWS\System32\WindowsPowerShell\v1.0\;C:\WINDOWS\System32\OpenSSH\;C:\Program Files\PuTTY\;C:\Program Files (x86)\NTP\bin;C:\Program Files\Java\jdk1.8.0_192\bin;C:\Users\sasken tech\AppData\Local\Programs\Python\Python37-32\Scripts\;C:\Users\sasken tech\AppData\Local\Programs\Python\Python37-32\;C:\Users\sasken tech\AppData\Local\Microsoft\WindowsApps;;C:\Users\sasken tech\Downloads\eclipse-java-2020-06-R-win32-x86_64\eclipse;
USERNAME=sasken tech
OS=Windows_NT
PROCESSOR_IDENTIFIER=Intel64 Family 6 Model 142 Stepping 12, GenuineIntel



---------------  S Y S T E M  ---------------

OS: Windows 10.0 , 64 bit Build 19041 (10.0.19041.1202)

CPU:total 8 (initial active 8) (4 cores per cpu, 2 threads per core) family 6 model 142 stepping 12, cmov, cx8, fxsr, mmx, sse, sse2, sse3, ssse3, sse4.1, sse4.2, popcnt, avx, avx2, aes, clmul, erms, 3dnowpref, lzcnt, ht, tsc, tscinvbit, bmi1, bmi2, adx

Memory: 4k page, physical 16545180k(2694852k free), swap 16545180k(5148k free)

vm_info: Java HotSpot(TM) 64-Bit Server VM (25.192-b12) for windows-amd64 JRE (1.8.0_192-b12), built on Oct  6 2018 17:12:23 by "java_re" with MS VC++ 10.0 (VS2010)

time: Tue Jan 04 20:18:43 2022
timezone: India Standard Time
elapsed time: 0 seconds (0d 0h 0m 0s)

