#
# There is insufficient memory for the Java Runtime Environment to continue.
# Native memory allocation (malloc) failed to allocate 1048576 bytes for AllocateHeap
# Possible reasons:
#   The system is out of physical RAM or swap space
#   The process is running with CompressedOops enabled, and the Java Heap may be blocking the growth of the native heap
# Possible solutions:
#   Reduce memory load on the system
#   Increase physical memory or swap space
#   Check if swap backing store is full
#   Decrease Java heap size (-Xmx/-Xms)
#   Decrease number of Java threads
#   Decrease Java thread stack sizes (-Xss)
#   Set larger code cache with -XX:ReservedCodeCacheSize=
#   JVM is running with Zero Based Compressed Oops mode in which the Java heap is
#     placed in the first 32GB address space. The Java Heap base address is the
#     maximum limit for the native heap growth. Please use -XX:HeapBaseMinAddress
#     to set the Java Heap base and to place the Java Heap above 32GB virtual address.
# This output file may be truncated or incomplete.
#
#  Out of Memory Error (memory/allocation.inline.hpp:61), pid=16260, tid=0x000000000001ea98
#
# JRE version:  (8.0_192-b12) (build )
# Java VM: Java HotSpot(TM) 64-Bit Server VM (25.192-b12 mixed mode windows-amd64 compressed oops)
# Failed to write core dump. Minidumps are not enabled by default on client versions of Windows
#

---------------  T H R E A D  ---------------

Current thread (0x000000000308e000):  JavaThread "Unknown thread" [_thread_in_vm, id=125592, stack(0x00000000030f0000,0x00000000031f0000)]

Stack: [0x00000000030f0000,0x00000000031f0000]
[error occurred during error reporting (printing stack bounds), id 0xc0000005]

Native frames: (J=compiled Java code, j=interpreted, Vv=VM code, C=native code)


---------------  P R O C E S S  ---------------

Java Threads: ( => current thread )

Other Threads:

=>0x000000000308e000 (exited) JavaThread "Unknown thread" [_thread_in_vm, id=125592, stack(0x00000000030f0000,0x00000000031f0000)]

VM state:not at safepoint (normal execution)

VM Mutex/Monitor currently owned by a thread: None

heap address: 0x00000006c3800000, size: 4040 MB, Compressed Oops mode: Zero based, Oop shift amount: 3
Narrow klass base: 0x0000000000000000, Narrow klass shift: 3
Compressed class space size: 1073741824 Address: 0x00000007c0000000

Heap:
 PSYoungGen      total 75776K, used 1300K [0x000000076bd80000, 0x0000000771200000, 0x00000007c0000000)
  eden space 65024K, 2% used [0x000000076bd80000,0x000000076bec51f8,0x000000076fd00000)
  from space 10752K, 0% used [0x0000000770780000,0x0000000770780000,0x0000000771200000)
  to   space 10752K, 0% used [0x000000076fd00000,0x000000076fd00000,0x0000000770780000)
 ParOldGen       total 173568K, used 0K [0x00000006c3800000, 0x00000006ce180000, 0x000000076bd80000)
  object space 173568K, 0% used [0x00000006c3800000,0x00000006c3800000,0x00000006ce180000)
 Metaspace       used 775K, capacity 4480K, committed 4480K, reserved 1056768K
  class space    used 76K, capacity 384K, committed 384K, reserved 1048576K

Card table byte_map: [0x00000000126b0000,0x0000000012ea0000] byte_map_base: 0x000000000f094000

Marking Bits: (ParMarkBitMap*) 0x0000000077bb3ce0
 Begin Bits: [0x0000000013bf0000, 0x0000000017b10000)
 End Bits:   [0x0000000017b10000, 0x000000001ba30000)

Polling page: 0x0000000003050000

CodeCache: size=245760Kb used=328Kb max_used=328Kb free=245431Kb
 bounds [0x00000000032f0000, 0x0000000003560000, 0x00000000122f0000]
 total_blobs=58 nmethods=0 adapters=38
 compilation: enabled

Compilation events (0 events):
No events

GC Heap History (0 events):
No events

Deoptimization events (0 events):
No events

Classes redefined (0 events):
No events

Internal exceptions (0 events):
No events

Events (10 events):
Event: 0.030 loading class java/lang/Short
Event: 0.030 loading class java/lang/Short done
Event: 0.030 loading class java/lang/Integer
Event: 0.030 loading class java/lang/Integer done
Event: 0.030 loading class java/lang/Long
Event: 0.030 loading class java/lang/Long done
Event: 0.032 loading class java/lang/NullPointerException
Event: 0.032 loading class java/lang/NullPointerException done
Event: 0.032 loading class java/lang/ArithmeticException
Event: 0.032 loading class java/lang/ArithmeticException done


Dynamic libraries:
0x00007ff782c60000 - 0x00007ff782c97000 	C:\Program Files\Java\jdk1.8.0_192\bin\javaw.exe
0x00007ffbf5430000 - 0x00007ffbf5625000 	C:\WINDOWS\SYSTEM32\ntdll.dll
0x00007ffbf3480000 - 0x00007ffbf353e000 	C:\WINDOWS\System32\KERNEL32.DLL
0x00007ffbf2cf0000 - 0x00007ffbf2fb9000 	C:\WINDOWS\System32\KERNELBASE.dll
0x00007ffbf4ac0000 - 0x00007ffbf4b6c000 	C:\WINDOWS\System32\ADVAPI32.dll
0x00007ffbf4ba0000 - 0x00007ffbf4c3e000 	C:\WINDOWS\System32\msvcrt.dll
0x00007ffbf4c40000 - 0x00007ffbf4cdb000 	C:\WINDOWS\System32\sechost.dll
0x00007ffbf3c80000 - 0x00007ffbf3daa000 	C:\WINDOWS\System32\RPCRT4.dll
0x00007ffbf3fb0000 - 0x00007ffbf4151000 	C:\WINDOWS\System32\USER32.dll
0x00007ffbf3340000 - 0x00007ffbf3362000 	C:\WINDOWS\System32\win32u.dll
0x00007ffbf4b70000 - 0x00007ffbf4b9b000 	C:\WINDOWS\System32\GDI32.dll
0x00007ffbf3370000 - 0x00007ffbf347b000 	C:\WINDOWS\System32\gdi32full.dll
0x00007ffbf2b50000 - 0x00007ffbf2bed000 	C:\WINDOWS\System32\msvcp_win.dll
0x00007ffbf2bf0000 - 0x00007ffbf2cf0000 	C:\WINDOWS\System32\ucrtbase.dll
0x00007ffbd5510000 - 0x00007ffbd57aa000 	C:\WINDOWS\WinSxS\amd64_microsoft.windows.common-controls_6595b64144ccf1df_6.0.19041.1110_none_60b5254171f9507e\COMCTL32.dll
0x00007ffbf4900000 - 0x00007ffbf4930000 	C:\WINDOWS\System32\IMM32.DLL
0x00000000501b0000 - 0x0000000050281000 	C:\Program Files\Java\jdk1.8.0_192\jre\bin\msvcr100.dll
0x0000000077390000 - 0x0000000077c33000 	C:\Program Files\Java\jdk1.8.0_192\jre\bin\server\jvm.dll
0x00007ffbf4d40000 - 0x00007ffbf4d48000 	C:\WINDOWS\System32\PSAPI.DLL
0x00007ffbe71d0000 - 0x00007ffbe71d9000 	C:\WINDOWS\SYSTEM32\WSOCK32.dll
0x00007ffbec3b0000 - 0x00007ffbec3ba000 	C:\WINDOWS\SYSTEM32\VERSION.dll
0x00007ffbea470000 - 0x00007ffbea497000 	C:\WINDOWS\SYSTEM32\WINMM.dll
0x00007ffbf4a50000 - 0x00007ffbf4abb000 	C:\WINDOWS\System32\WS2_32.dll
0x00007ffbe9be0000 - 0x00007ffbe9bef000 	C:\Program Files\Java\jdk1.8.0_192\jre\bin\verify.dll
0x00007ffbdb630000 - 0x00007ffbdb659000 	C:\Program Files\Java\jdk1.8.0_192\jre\bin\java.dll
0x00007ffbdb610000 - 0x00007ffbdb626000 	C:\Program Files\Java\jdk1.8.0_192\jre\bin\zip.dll

VM Arguments:
jvm_args: -Dfile.encoding=Cp1252 
java_command: ExceptionTest
java_class_path (initial): C:\Users\sasken tech\eclipse-workspace\LinkedListCustom\bin
Launcher Type: SUN_STANDARD

Environment Variables:
JAVA_HOME=C:\Program Files\Java\jdk1.8.0_192
PATH=C:/Program Files/Java/jdk1.8.0_192/bin/../jre/bin/server;C:/Program Files/Java/jdk1.8.0_192/bin/../jre/bin;C:/Program Files/Java/jdk1.8.0_192/bin/../jre/lib/amd64;C:\WINDOWS\system32;C:\WINDOWS;C:\WINDOWS\System32\Wbem;C:\WINDOWS\System32\WindowsPowerShell\v1.0\;C:\WINDOWS\System32\OpenSSH\;C:\Program Files\PuTTY\;C:\Program Files (x86)\NTP\bin;C:\Program Files\Java\jdk1.8.0_192\bin;C:\Users\sasken tech\AppData\Local\Programs\Python\Python37-32\Scripts\;C:\Users\sasken tech\AppData\Local\Programs\Python\Python37-32\;C:\Users\sasken tech\AppData\Local\Microsoft\WindowsApps;;C:\Users\sasken tech\Downloads\eclipse-java-2020-06-R-win32-x86_64\eclipse;
USERNAME=sasken tech
OS=Windows_NT
PROCESSOR_IDENTIFIER=Intel64 Family 6 Model 142 Stepping 12, GenuineIntel



---------------  S Y S T E M  ---------------

OS: Windows 10.0 , 64 bit Build 19041 (10.0.19041.1202)

CPU:total 8 (initial active 8) (4 cores per cpu, 2 threads per core) family 6 model 142 stepping 12, cmov, cx8, fxsr, mmx, sse, sse2, sse3, ssse3, sse4.1, sse4.2, popcnt, avx, avx2, aes, clmul, erms, 3dnowpref, lzcnt, ht, tsc, tscinvbit, bmi1, bmi2, adx

Memory: 4k page, physical 16545180k(3161948k free), swap 16545180k(5980k free)

vm_info: Java HotSpot(TM) 64-Bit Server VM (25.192-b12) for windows-amd64 JRE (1.8.0_192-b12), built on Oct  6 2018 17:12:23 by "java_re" with MS VC++ 10.0 (VS2010)

time: Fri Nov 19 16:33:44 2021
timezone: India Standard Time
elapsed time: 0 seconds (0d 0h 0m 0s)

